<?xml version="1.0" encoding="utf-8"?><testsuites name="pytest tests"><testsuite name="pytest" errors="0" failures="0" skipped="0" tests="14" time="4.396" timestamp="2026-03-12T08:03:14.707691+00:00" hostname="agent-env-965aef32-aa49-4546-a55a-e6509a031303"><testcase classname="backend.tests.test_data_safety_backup.TestAdminAuth" name="test_admin_login" time="0.446" /><testcase classname="backend.tests.test_data_safety_backup.TestBackupStatus" name="test_get_backup_status_admin" time="0.435" /><testcase classname="backend.tests.test_data_safety_backup.TestBackupStatus" name="test_get_backup_status_unauthenticated" time="0.102" /><testcase classname="backend.tests.test_data_safety_backup.TestBackupExport" name="test_export_encrypted_backup" time="0.512" /><testcase classname="backend.tests.test_data_safety_backup.TestBackupExport" name="test_export_short_password_rejected" time="0.110" /><testcase classname="backend.tests.test_data_safety_backup.TestExcelExport" name="test_export_excel_snapshot" time="0.153" /><testcase classname="backend.tests.test_data_safety_backup.TestDecodeInstructions" name="test_get_decode_instructions" time="0.057" /><testcase classname="backend.tests.test_data_safety_backup.TestImportPreview" name="test_import_preview_merge_mode" time="0.361" /><testcase classname="backend.tests.test_data_safety_backup.TestImportPreview" name="test_import_preview_replace_mode" time="0.356" /><testcase classname="backend.tests.test_data_safety_backup.TestImportPreview" name="test_import_preview_wrong_password" time="0.376" /><testcase classname="backend.tests.test_data_safety_backup.TestImportApply" name="test_import_apply_merge_mode" time="0.436" /><testcase classname="backend.tests.test_data_safety_backup.TestAccessControl" name="test_non_admin_rejected_status" time="0.108" /><testcase classname="backend.tests.test_data_safety_backup.TestAccessControl" name="test_invalid_token_rejected" time="0.104" /><testcase classname="backend.tests.test_data_safety_backup.TestRoundtrip" name="test_export_import_roundtrip" time="0.712" /></testsuite></testsuites>