<?xml version="1.0" encoding="utf-8"?><testsuites name="pytest tests"><testsuite name="pytest" errors="0" failures="0" skipped="0" tests="6" time="3.026" timestamp="2026-03-10T15:59:28.112513+00:00" hostname="agent-env-9f8ee587-5aff-4a26-b167-397074243093"><testcase classname="backend.tests.test_making_charges.TestMakingChargesCalculation" name="test_diamond_making_charge_uses_gross_weight" time="0.515" /><testcase classname="backend.tests.test_making_charges.TestMakingChargesCalculation" name="test_gold_making_charge_uses_net_weight" time="0.468" /><testcase classname="backend.tests.test_making_charges.TestMakingChargesCalculation" name="test_diamond_percentage_making_uses_gross_weight" time="0.483" /><testcase classname="backend.tests.test_making_charges.TestMakingChargesCalculation" name="test_gold_percentage_making_uses_net_weight" time="0.535" /><testcase classname="backend.tests.test_making_charges.TestMakingChargesCalculation" name="test_diamond_with_studded_less_deduction" time="0.471" /><testcase classname="backend.tests.test_making_charges.TestCalculationEndpointAccess" name="test_calculate_item_endpoint_exists" time="0.496" /></testsuite></testsuites>