<?xml version="1.0" encoding="utf-8"?><testsuites name="pytest tests"><testsuite name="pytest" errors="0" failures="0" skipped="0" tests="8" time="2.898" timestamp="2026-03-26T08:26:20.080780+00:00" hostname="agent-env-17b736b3-c130-45a3-ba0e-09b190b5cf44"><testcase classname="backend.tests.test_buyback_rates.TestBuybackRates" name="test_buyback_rate_card_exists" time="0.488" /><testcase classname="backend.tests.test_buyback_rates.TestBuybackRates" name="test_get_all_rates_includes_buyback" time="0.106" /><testcase classname="backend.tests.test_buyback_rates.TestBuybackRates" name="test_admin_can_update_buyback_rates" time="0.318" /><testcase classname="backend.tests.test_buyback_rates.TestBuybackRates" name="test_non_admin_cannot_update_buyback_rates" time="0.615" /><testcase classname="backend.tests.test_buyback_rates.TestBuybackRates" name="test_exec_can_read_buyback_rates" time="0.109" /><testcase classname="backend.tests.test_buyback_rates.TestBuybackRates" name="test_buyback_rates_have_same_purities_as_normal" time="0.191" /><testcase classname="backend.tests.test_buyback_rates.TestBuybackRates" name="test_updated_at_and_updated_by_fields" time="0.309" /><testcase classname="backend.tests.test_buyback_rates.TestBuybackRatesWithPurityChanges" name="test_adding_purity_adds_to_buyback" time="0.713" /></testsuite></testsuites>