<?xml version="1.0" encoding="utf-8"?><testsuites name="pytest tests"><testsuite name="pytest" errors="0" failures="0" skipped="0" tests="14" time="3.442" timestamp="2026-02-18T21:07:24.181589+00:00" hostname="agent-env-4122126e-10f4-41b5-b288-f36c9235bff2"><testcase classname="backend.tests.test_iteration11_features.TestPhotoFeatures" name="test_upload_photo_endpoint_exists" time="0.528" /><testcase classname="backend.tests.test_iteration11_features.TestPhotoFeatures" name="test_serve_uploaded_photo" time="0.135" /><testcase classname="backend.tests.test_iteration11_features.TestPhotoFeatures" name="test_create_bill_with_photo" time="0.292" /><testcase classname="backend.tests.test_iteration11_features.TestPhotoFeatures" name="test_photo_url_accessible" time="0.247" /><testcase classname="backend.tests.test_iteration11_features.TestPhotoFeatures" name="test_remove_photo_from_item" time="0.134" /><testcase classname="backend.tests.test_iteration11_features.TestPhotoFeatures" name="test_cleanup_test_bill" time="0.125" /><testcase classname="backend.tests.test_iteration11_features.TestItemNameManagement" name="test_list_item_names" time="0.126" /><testcase classname="backend.tests.test_iteration11_features.TestItemNameManagement" name="test_create_item_name" time="0.130" /><testcase classname="backend.tests.test_iteration11_features.TestItemNameManagement" name="test_edit_item_name" time="0.140" /><testcase classname="backend.tests.test_iteration11_features.TestItemNameManagement" name="test_verify_item_name_edited" time="0.136" /><testcase classname="backend.tests.test_iteration11_features.TestItemNameManagement" name="test_duplicate_item_name_rejected" time="0.430" /><testcase classname="backend.tests.test_iteration11_features.TestItemNameManagement" name="test_delete_item_name" time="0.251" /><testcase classname="backend.tests.test_iteration11_features.TestAdminLogin" name="test_admin_login_with_password" time="0.369" /><testcase classname="backend.tests.test_iteration11_features.TestAdminLogin" name="test_admin_login_wrong_password" time="0.344" /></testsuite></testsuites>