<?xml version="1.0" encoding="utf-8"?><testsuites name="pytest tests"><testsuite name="pytest" errors="0" failures="0" skipped="0" tests="10" time="1.792" timestamp="2026-03-05T10:36:14.041108+00:00" hostname="agent-env-f928138b-40eb-481c-881b-8a903476f3cb"><testcase classname="backend.tests.test_iteration20_features.TestInactiveCustomersRatio" name="test_inactive_customers_30_days" time="0.453" /><testcase classname="backend.tests.test_iteration20_features.TestInactiveCustomersRatio" name="test_inactive_customers_15_days" time="0.115" /><testcase classname="backend.tests.test_iteration20_features.TestInactiveCustomersRatio" name="test_inactive_customers_1_day" time="0.107" /><testcase classname="backend.tests.test_iteration20_features.TestInactiveCustomersRatio" name="test_inactive_customers_changes_with_threshold" time="0.420" /><testcase classname="backend.tests.test_iteration20_features.TestReferenceBreakdownEndpoint" name="test_single_reference_instagram" time="0.100" /><testcase classname="backend.tests.test_iteration20_features.TestReferenceBreakdownEndpoint" name="test_multi_reference_breakdown" time="0.115" /><testcase classname="backend.tests.test_iteration20_features.TestReferenceBreakdownEndpoint" name="test_empty_references_returns_zeros" time="0.109" /><testcase classname="backend.tests.test_iteration20_features.TestReferenceBreakdownEndpoint" name="test_nonexistent_reference" time="0.102" /><testcase classname="backend.tests.test_iteration20_features.TestReferenceBreakdownEndpoint" name="test_reference_breakdown_requires_auth" time="0.114" /><testcase classname="backend.tests.test_iteration20_features.TestDashboardReferenceAnalysis" name="test_dashboard_has_reference_analysis" time="0.108" /></testsuite></testsuites>