<?xml version="1.0" encoding="utf-8"?><testsuites name="pytest tests"><testsuite name="pytest" errors="0" failures="0" skipped="0" tests="9" time="1.311" timestamp="2026-04-09T13:41:08.741846+00:00" hostname="agent-env-17b736b3-c130-45a3-ba0e-09b190b5cf44"><testcase classname="backend.tests.test_old_gold.TestOldGoldEndpoint" name="test_set_old_gold_enabled" time="0.606" /><testcase classname="backend.tests.test_old_gold.TestOldGoldEndpoint" name="test_old_gold_does_not_affect_grand_total" time="0.101" /><testcase classname="backend.tests.test_old_gold.TestOldGoldEndpoint" name="test_set_old_gold_with_photo" time="0.055" /><testcase classname="backend.tests.test_old_gold.TestOldGoldEndpoint" name="test_disable_old_gold" time="0.055" /><testcase classname="backend.tests.test_old_gold.TestOldGoldInBillEndpoints" name="test_get_bill_includes_old_gold" time="0.110" /><testcase classname="backend.tests.test_old_gold.TestOldGoldInBillEndpoints" name="test_get_bill_summary_includes_old_gold" time="0.114" /><testcase classname="backend.tests.test_old_gold.TestOldGoldEdgeCases" name="test_old_gold_with_zero_value" time="0.055" /><testcase classname="backend.tests.test_old_gold.TestOldGoldEdgeCases" name="test_old_gold_with_null_value" time="0.055" /><testcase classname="backend.tests.test_old_gold.TestOldGoldEdgeCases" name="test_old_gold_nonexistent_bill" time="0.110" /></testsuite></testsuites>