<?xml version="1.0" encoding="utf-8"?><testsuites name="pytest tests"><testsuite name="pytest" errors="0" failures="0" skipped="0" tests="8" time="1.636" timestamp="2026-02-26T14:37:14.169555+00:00" hostname="agent-env-f928138b-40eb-481c-881b-8a903476f3cb"><testcase classname="backend.tests.test_iteration18_features.TestInactiveCustomersEndpoint" name="test_inactive_customers_endpoint_returns_data" time="0.568" /><testcase classname="backend.tests.test_iteration18_features.TestInactiveCustomersEndpoint" name="test_inactive_customers_have_total_spent_field" time="0.137" /><testcase classname="backend.tests.test_iteration18_features.TestInactiveCustomersEndpoint" name="test_inactive_customers_total_spent_calculated_correctly" time="0.272" /><testcase classname="backend.tests.test_iteration18_features.TestSalespeopleEndpoint" name="test_salespeople_list_returns_branch_name" time="0.076" /><testcase classname="backend.tests.test_iteration18_features.TestSalespersonPerformanceEndpoint" name="test_performance_endpoint_exists" time="0.156" /><testcase classname="backend.tests.test_iteration18_features.TestSalespersonPerformanceEndpoint" name="test_performance_with_nonexistent_salesperson" time="0.069" /><testcase classname="backend.tests.test_iteration18_features.TestSalespersonPerformanceEndpoint" name="test_performance_daily_sales_structure" time="0.182" /><testcase classname="backend.tests.test_iteration18_features.TestSalespersonPerformanceAuth" name="test_performance_requires_auth" time="0.073" /></testsuite></testsuites>