<?xml version="1.0" encoding="utf-8"?><testsuites name="pytest tests"><testsuite name="pytest" errors="0" failures="0" skipped="0" tests="8" time="2.669" timestamp="2026-02-26T14:09:53.427034+00:00" hostname="agent-env-c6e822fc-3b56-488f-a649-dc1b7e439cb5"><testcase classname="backend.tests.test_iteration17_features.TestAnalyticsCustomersFix" name="test_analytics_customers_endpoint" time="0.587" /><testcase classname="backend.tests.test_iteration17_features.TestAnalyticsCustomersFix" name="test_analytics_customers_frequency_endpoint" time="0.151" /><testcase classname="backend.tests.test_iteration17_features.TestAnalyticsCustomersFix" name="test_customer_bills_returns_correct_total" time="0.284" /><testcase classname="backend.tests.test_iteration17_features.TestSalespeopleBranch" name="test_get_salespeople_returns_branch_name" time="0.131" /><testcase classname="backend.tests.test_iteration17_features.TestSalespeopleBranch" name="test_get_branches" time="0.155" /><testcase classname="backend.tests.test_iteration17_features.TestSalespeopleBranch" name="test_create_salesperson_with_branch" time="0.627" /><testcase classname="backend.tests.test_iteration17_features.TestSalespeopleBranch" name="test_create_salesperson_without_branch" time="0.275" /><testcase classname="backend.tests.test_iteration17_features.TestCustomerDetailEndpoint" name="test_get_customer_by_phone" time="0.353" /></testsuite></testsuites>