<?xml version="1.0" encoding="utf-8"?><testsuites name="pytest tests"><testsuite name="pytest" errors="0" failures="0" skipped="1" tests="17" time="17.965" timestamp="2026-03-10T11:46:52.673090+00:00" hostname="agent-env-9f8ee587-5aff-4a26-b167-397074243093"><testcase classname="backend.tests.test_security_features.TestManagerCreationRequiresBranch" name="test_create_manager_without_branch_returns_400" time="0.993" /><testcase classname="backend.tests.test_security_features.TestManagerCreationRequiresBranch" name="test_create_manager_with_branch_succeeds" time="0.878" /><testcase classname="backend.tests.test_security_features.TestManagerCreationRequiresBranch" name="test_create_executive_without_branch_succeeds" time="0.953" /><testcase classname="backend.tests.test_security_features.TestBillAccessControl" name="test_exec_cannot_access_other_exec_bill" time="1.994" /><testcase classname="backend.tests.test_security_features.TestBillAccessControl" name="test_exec_cannot_send_other_exec_bill" time="1.775" /><testcase classname="backend.tests.test_security_features.TestBillAccessControl" name="test_bill_summary_enforces_access_control" time="1.690" /><testcase classname="backend.tests.test_security_features.TestBillAccessControl" name="test_bill_pdf_enforces_access_control" time="2.118" /><testcase classname="backend.tests.test_security_features.TestBillAccessControl" name="test_admin_can_access_any_bill" time="1.446" /><testcase classname="backend.tests.test_security_features.TestMultiPhoneCustomer" name="test_customer_lookup_by_secondary_phone" time="0.664" /><testcase classname="backend.tests.test_security_features.TestMultiPhoneCustomer" name="test_customer_bills_returns_all_phone_bills" time="1.104" /><testcase classname="backend.tests.test_security_features.TestMultiPhoneCustomer" name="test_new_bill_includes_customer_id" time="0.689" /><testcase classname="backend.tests.test_security_features.TestCustomerTotalSpent" name="test_total_spent_excludes_drafts" time="0.771" /><testcase classname="backend.tests.test_security_features.TestNotificationOwnership" name="test_exec_cannot_mark_other_exec_notification_done" time="0.879"><skipped type="pytest.skip" message="Could not create notification: {&quot;detail&quot;:&quot;Method Not Allowed&quot;}">/app/backend/tests/test_security_features.py:595: Could not create notification: {"detail":"Method Not Allowed"}</skipped></testcase><testcase classname="backend.tests.test_security_features.TestAnalyticsEndpoints" name="test_analytics_customers_works_for_admin" time="0.429" /><testcase classname="backend.tests.test_security_features.TestAnalyticsEndpoints" name="test_analytics_customers_frequency_works_for_admin" time="0.455" /><testcase classname="backend.tests.test_security_features.TestAnalyticsEndpoints" name="test_analytics_customers_inactive_works_for_admin" time="0.454" /><testcase classname="backend.tests.test_security_features.TestAnalyticsEndpoints" name="test_analytics_dashboard_works_for_admin" time="0.500" /></testsuite></testsuites>