<?xml version="1.0" encoding="utf-8"?><testsuites name="pytest tests"><testsuite name="pytest" errors="0" failures="0" skipped="0" tests="11" time="5.524" timestamp="2026-02-18T16:36:44.710879+00:00" hostname="agent-env-745619ef-bf47-47be-8900-e87c64b7e555"><testcase classname="backend.tests.test_iteration10_features.TestMakingChargesDisplay" name="test_calculate_gold_item_returns_making_per_gram" time="0.751" /><testcase classname="backend.tests.test_iteration10_features.TestDailySerialAndMMI" name="test_bill_has_daily_serial_and_created_date" time="0.302" /><testcase classname="backend.tests.test_iteration10_features.TestDailySerialAndMMI" name="test_mmi_toggle_endpoint" time="0.576" /><testcase classname="backend.tests.test_iteration10_features.TestSessionManagement" name="test_admin_can_get_active_sessions" time="0.147" /><testcase classname="backend.tests.test_iteration10_features.TestSessionManagement" name="test_admin_session_management_endpoint_exists" time="0.177" /><testcase classname="backend.tests.test_iteration10_features.TestSessionManagement" name="test_session_created_for_non_admin_login" time="0.884" /><testcase classname="backend.tests.test_iteration10_features.TestItemNameEdit" name="test_put_item_names_renames_item" time="0.548" /><testcase classname="backend.tests.test_iteration10_features.TestItemNameEdit" name="test_rename_rejects_duplicate_name" time="0.696" /><testcase classname="backend.tests.test_iteration10_features.TestFeedbackAdditionalComments" name="test_feedback_with_additional_comments" time="0.558" /><testcase classname="backend.tests.test_iteration10_features.TestBillWithMakingChargeDetails" name="test_bill_stores_making_per_gram" time="0.278" /><testcase classname="backend.tests.test_iteration10_features.TestAdminMultiLogin" name="test_admin_login_does_not_create_session" time="0.498" /></testsuite></testsuites>