<?xml version="1.0" encoding="utf-8"?><testsuites name="pytest tests"><testsuite name="pytest" errors="0" failures="0" skipped="0" tests="12" time="5.887" timestamp="2026-02-17T06:45:11.033394+00:00" hostname="agent-env-745619ef-bf47-47be-8900-e87c64b7e555"><testcase classname="backend.tests.test_iteration9_fixes.TestAdminDashboardBillTabs" name="test_admin_can_get_all_bills" time="0.692" /><testcase classname="backend.tests.test_iteration9_fixes.TestAdminDashboardBillTabs" name="test_admin_can_filter_pending_bills" time="0.127" /><testcase classname="backend.tests.test_iteration9_fixes.TestAdminDashboardBillTabs" name="test_admin_can_filter_approved_bills" time="0.099" /><testcase classname="backend.tests.test_iteration9_fixes.TestBillApproval" name="test_create_send_and_approve_bill" time="0.859" /><testcase classname="backend.tests.test_iteration9_fixes.TestBillSummaryFullDetails" name="test_summary_includes_gold_value" time="0.352" /><testcase classname="backend.tests.test_iteration9_fixes.TestBillSummaryFullDetails" name="test_summary_includes_mrp_details" time="0.434" /><testcase classname="backend.tests.test_iteration9_fixes.TestMRPItemEdit" name="test_edit_mrp_item_in_bill" time="0.886" /><testcase classname="backend.tests.test_iteration9_fixes.TestPhotoRemoval" name="test_photo_removal_endpoint_exists" time="0.407" /><testcase classname="backend.tests.test_iteration9_fixes.TestCustomerFrequencyFromBills" name="test_customer_frequency_uses_actual_bills" time="0.136" /><testcase classname="backend.tests.test_iteration9_fixes.TestBillPDFGeneration" name="test_pdf_endpoint_works" time="0.367" /><testcase classname="backend.tests.test_iteration9_fixes.TestBillPDFGeneration" name="test_pdf_with_mrp_item" time="0.566" /><testcase classname="backend.tests.test_iteration9_fixes.TestMultiBillDrafts" name="test_executive_can_have_multiple_draft_bills" time="0.846" /></testsuite></testsuites>