<?xml version="1.0" encoding="utf-8"?><testsuites name="pytest tests"><testsuite name="pytest" errors="0" failures="0" skipped="0" tests="13" time="8.708" timestamp="2026-03-23T18:17:32.137232+00:00" hostname="agent-env-17b736b3-c130-45a3-ba0e-09b190b5cf44"><testcase classname="backend.tests.test_reference_normalization.TestReferenceNormalization" name="test_admin_can_update_bill_reference" time="0.703" /><testcase classname="backend.tests.test_reference_normalization.TestReferenceNormalization" name="test_reference_update_normalizes_to_title_case" time="0.556" /><testcase classname="backend.tests.test_reference_normalization.TestReferenceNormalization" name="test_non_admin_cannot_update_bill_reference" time="1.302" /><testcase classname="backend.tests.test_reference_normalization.TestReferenceNormalization" name="test_reference_update_adds_to_change_log" time="0.566" /><testcase classname="backend.tests.test_reference_normalization.TestReferenceNormalization" name="test_normalize_references_endpoint" time="0.821" /><testcase classname="backend.tests.test_reference_normalization.TestReferenceNormalization" name="test_normalize_references_requires_admin" time="1.120" /><testcase classname="backend.tests.test_reference_normalization.TestReferenceNormalization" name="test_customer_creation_normalizes_reference" time="0.472" /><testcase classname="backend.tests.test_reference_normalization.TestReferenceNormalization" name="test_bill_creation_normalizes_reference" time="0.460" /><testcase classname="backend.tests.test_reference_normalization.TestReferenceNormalization" name="test_analytics_dashboard_groups_references_case_insensitively" time="0.514" /><testcase classname="backend.tests.test_reference_normalization.TestReferenceNormalization" name="test_reference_breakdown_endpoint" time="0.461" /><testcase classname="backend.tests.test_reference_normalization.TestReferenceUpdateEdgeCases" name="test_update_reference_to_empty_string" time="0.584" /><testcase classname="backend.tests.test_reference_normalization.TestReferenceUpdateEdgeCases" name="test_update_reference_with_whitespace" time="0.604" /><testcase classname="backend.tests.test_reference_normalization.TestReferenceUpdateEdgeCases" name="test_update_nonexistent_bill_reference" time="0.475" /></testsuite></testsuites>