<?xml version="1.0" encoding="utf-8"?><testsuites name="pytest tests"><testsuite name="pytest" errors="0" failures="0" skipped="0" tests="9" time="2.029" timestamp="2026-03-05T09:32:36.640605+00:00" hostname="agent-env-f928138b-40eb-481c-881b-8a903476f3cb"><testcase classname="backend.tests.test_dashboard_date_filter_fix.TestDashboardDateFilterFix" name="test_unfiltered_dashboard_returns_all_customers" time="0.496" /><testcase classname="backend.tests.test_dashboard_date_filter_fix.TestDashboardDateFilterFix" name="test_date_filter_reduces_customer_count" time="0.208" /><testcase classname="backend.tests.test_dashboard_date_filter_fix.TestDashboardDateFilterFix" name="test_future_date_returns_zero_customers" time="0.108" /><testcase classname="backend.tests.test_dashboard_date_filter_fix.TestDashboardDateFilterFix" name="test_gold_and_diamond_totals_filter_coherently" time="0.229" /><testcase classname="backend.tests.test_dashboard_date_filter_fix.TestDashboardDateFilterFix" name="test_reference_analysis_includes_customers_field" time="0.115" /><testcase classname="backend.tests.test_dashboard_date_filter_fix.TestDashboardDateFilterFix" name="test_daily_sales_filters_correctly" time="0.113" /><testcase classname="backend.tests.test_dashboard_date_filter_fix.TestDashboardDateFilterFix" name="test_branch_sales_filters_correctly" time="0.279" /><testcase classname="backend.tests.test_dashboard_date_filter_fix.TestDashboardDateFilterFix" name="test_executive_sales_filters_correctly" time="0.217" /><testcase classname="backend.tests.test_dashboard_date_filter_fix.TestDashboardDateFilterFix" name="test_kt_analysis_filters_correctly" time="0.213" /></testsuite></testsuites>