<?xml version="1.0" encoding="utf-8"?><testsuites name="pytest tests"><testsuite name="pytest" errors="0" failures="0" skipped="0" tests="11" time="4.508" timestamp="2026-03-05T14:43:26.430000+00:00" hostname="agent-env-d65eec7a-06df-4666-b814-23414d65385f"><testcase classname="tests.test_phone_lookup.TestPhoneLookup" name="test_lookup_returns_found_for_existing_primary_phone" time="0.791" /><testcase classname="tests.test_phone_lookup.TestPhoneLookup" name="test_lookup_returns_not_found_for_unknown_phone" time="0.156" /><testcase classname="tests.test_phone_lookup.TestPhoneLookup" name="test_lookup_returns_not_found_for_invalid_phone" time="0.183" /><testcase classname="tests.test_phone_lookup.TestPhoneLookup" name="test_lookup_includes_all_phones_array" time="0.120" /><testcase classname="tests.test_phone_lookup.TestAddPhone" name="test_add_phone_validates_10_digits" time="0.252" /><testcase classname="tests.test_phone_lookup.TestAddPhone" name="test_add_phone_success" time="0.277" /><testcase classname="tests.test_phone_lookup.TestAddPhone" name="test_add_phone_prevents_duplicate_primary" time="0.155" /><testcase classname="tests.test_phone_lookup.TestBillWithNarration" name="test_create_bill_with_narration" time="1.086" /><testcase classname="tests.test_phone_lookup.TestBillWithNarration" name="test_create_bill_without_narration" time="0.116" /><testcase classname="tests.test_phone_lookup.TestBillCreationCustomerLookup" name="test_bill_finds_customer_by_phones_array" time="0.367" /><testcase classname="tests.test_phone_lookup.TestCustomerSearch" name="test_search_finds_by_partial_phone" time="0.933" /></testsuite></testsuites>