<?xml version="1.0" encoding="utf-8"?><testsuites name="pytest tests"><testsuite name="pytest" errors="0" failures="0" skipped="0" tests="17" time="8.424" timestamp="2026-02-16T12:10:47.629772+00:00" hostname="agent-env-45aa0b4a-1ad9-492f-a9c6-0bf89566de18"><testcase classname="backend.tests.test_ajpl_features.TestAdminLogin" name="test_admin_login_success" time="0.348" /><testcase classname="backend.tests.test_ajpl_features.TestAdminLogin" name="test_admin_login_invalid_credentials" time="0.334" /><testcase classname="backend.tests.test_ajpl_features.TestSalespeopleManagement" name="test_get_salespeople_list" time="0.459" /><testcase classname="backend.tests.test_ajpl_features.TestSalespeopleManagement" name="test_create_salesperson" time="0.774" /><testcase classname="backend.tests.test_ajpl_features.TestSalespeopleManagement" name="test_delete_salesperson" time="0.539" /><testcase classname="backend.tests.test_ajpl_features.TestFeedbackQuestions" name="test_get_feedback_questions" time="0.431" /><testcase classname="backend.tests.test_ajpl_features.TestFeedbackQuestions" name="test_create_feedback_question" time="0.588" /><testcase classname="backend.tests.test_ajpl_features.TestFeedbackQuestions" name="test_delete_feedback_question" time="0.543" /><testcase classname="backend.tests.test_ajpl_features.TestTierSettings" name="test_get_tier_settings" time="0.433" /><testcase classname="backend.tests.test_ajpl_features.TestTierSettings" name="test_update_tier_settings" time="0.438" /><testcase classname="backend.tests.test_ajpl_features.TestNotifications" name="test_get_notifications" time="0.432" /><testcase classname="backend.tests.test_ajpl_features.TestMRPCalculator" name="test_calculate_mrp_item" time="0.423" /><testcase classname="backend.tests.test_ajpl_features.TestPhotoUpload" name="test_photo_upload_endpoint_exists" time="0.445" /><testcase classname="backend.tests.test_ajpl_features.TestBillWithSalesperson" name="test_create_bill_with_salesperson" time="0.533" /><testcase classname="backend.tests.test_ajpl_features.TestBillWithSalesperson" name="test_get_bill_includes_salesperson" time="0.633" /><testcase classname="backend.tests.test_ajpl_features.TestCustomerProfile" name="test_get_customer_by_phone" time="0.568" /><testcase classname="backend.tests.test_ajpl_features.TestCustomerProfile" name="test_get_customer_bills" time="0.446" /></testsuite></testsuites>