<?xml version="1.0" encoding="utf-8"?><testsuites name="pytest tests"><testsuite name="pytest" errors="0" failures="0" skipped="0" tests="8" time="6.076" timestamp="2026-02-19T14:45:37.252182+00:00" hostname="agent-env-c6e822fc-3b56-488f-a649-dc1b7e439cb5"><testcase classname="backend.tests.test_rate_management.TestRateManagement" name="test_get_purities" time="0.647" /><testcase classname="backend.tests.test_rate_management.TestRateManagement" name="test_get_rates_returns_both_cards" time="0.511" /><testcase classname="backend.tests.test_rate_management.TestRateManagement" name="test_ajpl_rate_card_has_purities" time="0.466" /><testcase classname="backend.tests.test_rate_management.TestRateManagement" name="test_save_ajpl_rates_preserves_purities" time="0.738" /><testcase classname="backend.tests.test_rate_management.TestRateManagement" name="test_multiple_saves_preserve_purities" time="1.771" /><testcase classname="backend.tests.test_rate_management.TestRateManagement" name="test_auto_heal_empty_purities" time="0.479" /><testcase classname="backend.tests.test_rate_management.TestRateManagement" name="test_normal_rates_also_work" time="0.776" /><testcase classname="backend.tests.test_rate_management.TestFeedbacksAPI" name="test_get_feedbacks" time="0.506" /></testsuite></testsuites>