<?xml version="1.0" encoding="utf-8"?><testsuites name="pytest tests"><testsuite name="pytest" errors="0" failures="0" skipped="0" tests="8" time="4.012" timestamp="2026-03-05T14:09:32.329818+00:00" hostname="agent-env-d65eec7a-06df-4666-b814-23414d65385f"><testcase classname="backend.tests.test_reference_report.TestReferenceReport" name="test_reference_report_endpoint_returns_200" time="0.503" /><testcase classname="backend.tests.test_reference_report.TestReferenceReport" name="test_reference_report_structure" time="0.450" /><testcase classname="backend.tests.test_reference_report.TestReferenceReport" name="test_total_view_data_structure" time="0.495" /><testcase classname="backend.tests.test_reference_report.TestReferenceReport" name="test_approved_view_only_contains_approved_statuses" time="0.452" /><testcase classname="backend.tests.test_reference_report.TestReferenceReport" name="test_np_view_excludes_customers_with_approved_bills" time="0.466" /><testcase classname="backend.tests.test_reference_report.TestReferenceReport" name="test_date_filter_works" time="0.578" /><testcase classname="backend.tests.test_reference_report.TestReferenceReport" name="test_dashboard_reference_analysis_consistency" time="0.567" /><testcase classname="backend.tests.test_reference_report.TestReferenceReport" name="test_summary_math_is_correct" time="0.436" /></testsuite></testsuites>